Arguments: 
  /usr/local/bin/node /usr/local/Cellar/yarn/1.5.1_1/libexec/bin/yarn.js start

PATH: 
  /usr/local/bin:/usr/bin:/bin:/usr/sbin:/sbin:/Applications/Visual Studio Code.app/Contents/Resources/app/bin:/Applications/Visual Studio Code.app/Contents/Resources/app/bin

Yarn version: 
  1.5.1

Node version: 
  10.15.0

Platform: 
  darwin x64

npm manifest: 
  {
    "name": "generator-solid-react",
    "version": "0.0.0",
    "description": "Solid React Application Generator",
    "homepage": "",
    "author": {
      "name": "Pablo Rodriguez",
      "email": "pablo.rodriguez@janeirodigital.com",
      "url": ""
    },
    "files": [
      "generators"
    ],
    "main": "generators/index.js",
    "keywords": [
      "solid",
      "generator",
      "react",
      "yeoman-generator"
    ],
    "devDependencies": {
      "enzyme-adapter-react-16": "^1.7.1",
      "eslint": "^5.9.0",
      "eslint-config-prettier": "^3.3.0",
      "eslint-config-xo": "^0.25.0",
      "eslint-plugin-prettier": "^3.0.0",
      "figlet": "^1.2.1",
      "glob": "^7.1.3",
      "husky": "^1.2.0",
      "jest": "^23.5.0",
      "lint-staged": "^8.1.0",
      "prettier": "^1.15.2",
      "voca": "^1.4.0",
      "yeoman-assert": "^3.1.0",
      "yeoman-test": "^1.7.0"
    },
    "engines": {
      "npm": ">= 4.0.0"
    },
    "dependencies": {
      "chalk": "^2.1.0",
      "yeoman-generator": "^2.0.1",
      "yosay": "^2.0.1"
    },
    "jest": {
      "testEnvironment": "node"
    },
    "lint-staged": {
      "*.js": [
        "eslint --fix",
        "git add"
      ],
      "*.json": [
        "prettier --write",
        "git add"
      ]
    },
    "eslintConfig": {
      "extends": [
        "xo",
        "prettier"
      ],
      "env": {
        "jest": true,
        "node": true
      },
      "rules": {
        "prettier/prettier": "error"
      },
      "plugins": [
        "prettier"
      ]
    },
    "scripts": {
      "pretest": "eslint .",
      "test": "jest"
    },
    "repository": "https://github.com/Inrupt-inc/generator-solid-react.git",
    "license": "MIT"
  }

yarn manifest: 
  No manifest

Lockfile: 
  No lockfile

Trace: 
  Error: Command "start" not found.
      at new MessageError (/usr/local/Cellar/yarn/1.5.1_1/libexec/lib/cli.js:186:110)
      at /usr/local/Cellar/yarn/1.5.1_1/libexec/lib/cli.js:87307:17
      at Generator.next (<anonymous>)
      at step (/usr/local/Cellar/yarn/1.5.1_1/libexec/lib/cli.js:98:30)
      at /usr/local/Cellar/yarn/1.5.1_1/libexec/lib/cli.js:116:14
      at new Promise (<anonymous>)
      at new F (/usr/local/Cellar/yarn/1.5.1_1/libexec/lib/cli.js:23451:28)
      at /usr/local/Cellar/yarn/1.5.1_1/libexec/lib/cli.js:95:12
      at runCommand (/usr/local/Cellar/yarn/1.5.1_1/libexec/lib/cli.js:87312:22)
      at Object.<anonymous> (/usr/local/Cellar/yarn/1.5.1_1/libexec/lib/cli.js:87412:14)
